<?xml version="1.0" encoding="UTF-8"?>
<!-- Generated by org.testng.reporters.JUnitXMLReporter -->
<testsuite ignored="1" hostname="DELL" failures="0" tests="1" name="Test(failed)" time="0.213" errors="0" timestamp="2020-12-09T23:21:19 IST">
  <testcase classname="TestCases_pom.ProfilePage_TestCases" name="getData" time="0.0">
    <skipped/>
  </testcase> <!-- getData -->
  <testcase classname="TestCases_pom.ProfilePage_TestCases" name="validatepagetitletest" time="0.0">
    <ignored/>
  </testcase> <!-- validatepagetitletest -->
</testsuite> <!-- Test(failed) -->
